{"/Users/layn/VyzProjects/Sem5/NodeJS/NodeJSLabs/NodeJS_Sem5_Labs/backend/src/app.controller.ts": {"path":"/Users/layn/VyzProjects/Sem5/NodeJS/NodeJSLabs/NodeJS_Sem5_Labs/backend/src/app.controller.ts","statementMap":{"0":{"start":{"line":1,"column":0},"end":{"line":1,"column":49}},"1":{"start":{"line":3,"column":0},"end":{"line":3,"column":43}},"2":{"start":{"line":6,"column":7},"end":{"line":13,"column":null}},"3":{"start":{"line":7,"column":31},"end":{"line":7,"column":43}},"4":{"start":{"line":11,"column":4},"end":{"line":11,"column":38}},"5":{"start":{"line":6,"column":13},"end":{"line":6,"column":26}},"6":{"start":{"line":10,"column":2},"end":{"line":12,"column":null}},"7":{"start":{"line":6,"column":13},"end":{"line":13,"column":null}}},"fnMap":{"0":{"name":"(anonymous_2)","decl":{"start":{"line":7,"column":2},"end":{"line":7,"column":31}},"loc":{"start":{"line":7,"column":53},"end":{"line":7,"column":57}}},"1":{"name":"(anonymous_3)","decl":{"start":{"line":10,"column":2},"end":{"line":10,"column":10}},"loc":{"start":{"line":10,"column":10},"end":{"line":12,"column":3}}}},"branchMap":{"0":{"loc":{"start":{"line":7,"column":43},"end":{"line":7,"column":56}},"type":"cond-expr","locations":[{"start":{"line":7,"column":53},"end":{"line":7,"column":56}},{"start":{"line":7,"column":53},"end":{"line":7,"column":56}}]},"1":{"loc":{"start":{"line":7,"column":43},"end":{"line":7,"column":53}},"type":"binary-expr","locations":[{"start":{"line":7,"column":43},"end":{"line":7,"column":56}},{"start":{"line":7,"column":43},"end":{"line":7,"column":53}}]}},"s":{"0":1,"1":1,"2":1,"3":1,"4":1,"5":1,"6":1,"7":1},"f":{"0":1,"1":1},"b":{"0":[1,0],"1":[1,1]}}
,"/Users/layn/VyzProjects/Sem5/NodeJS/NodeJSLabs/NodeJS_Sem5_Labs/backend/src/app.module.ts": {"path":"/Users/layn/VyzProjects/Sem5/NodeJS/NodeJSLabs/NodeJS_Sem5_Labs/backend/src/app.module.ts","statementMap":{"0":{"start":{"line":1,"column":0},"end":{"line":1,"column":40}},"1":{"start":{"line":2,"column":0},"end":{"line":2,"column":46}},"2":{"start":{"line":4,"column":0},"end":{"line":4,"column":48}},"3":{"start":{"line":5,"column":0},"end":{"line":5,"column":51}},"4":{"start":{"line":6,"column":0},"end":{"line":6,"column":48}},"5":{"start":{"line":7,"column":0},"end":{"line":7,"column":63}},"6":{"start":{"line":8,"column":0},"end":{"line":8,"column":48}},"7":{"start":{"line":9,"column":0},"end":{"line":9,"column":51}},"8":{"start":{"line":27,"column":7},"end":{"line":27,"column":null}},"9":{"start":{"line":27,"column":13},"end":{"line":27,"column":22}},"10":{"start":{"line":27,"column":13},"end":{"line":27,"column":null}}},"fnMap":{},"branchMap":{},"s":{"0":0,"1":0,"2":0,"3":0,"4":0,"5":0,"6":0,"7":0,"8":0,"9":0,"10":0},"f":{},"b":{}}
,"/Users/layn/VyzProjects/Sem5/NodeJS/NodeJSLabs/NodeJS_Sem5_Labs/backend/src/app.service.ts": {"path":"/Users/layn/VyzProjects/Sem5/NodeJS/NodeJSLabs/NodeJS_Sem5_Labs/backend/src/app.service.ts","statementMap":{"0":{"start":{"line":1,"column":0},"end":{"line":1,"column":44}},"1":{"start":{"line":4,"column":7},"end":{"line":8,"column":null}},"2":{"start":{"line":6,"column":4},"end":{"line":6,"column":26}},"3":{"start":{"line":4,"column":13},"end":{"line":4,"column":23}},"4":{"start":{"line":4,"column":13},"end":{"line":8,"column":null}}},"fnMap":{"0":{"name":"(anonymous_1)","decl":{"start":{"line":5,"column":2},"end":{"line":5,"column":10}},"loc":{"start":{"line":5,"column":10},"end":{"line":7,"column":3}}}},"branchMap":{},"s":{"0":1,"1":1,"2":1,"3":1,"4":1},"f":{"0":1},"b":{}}
,"/Users/layn/VyzProjects/Sem5/NodeJS/NodeJSLabs/NodeJS_Sem5_Labs/backend/src/main.ts": {"path":"/Users/layn/VyzProjects/Sem5/NodeJS/NodeJSLabs/NodeJS_Sem5_Labs/backend/src/main.ts","statementMap":{"0":{"start":{"line":1,"column":0},"end":{"line":1,"column":23}},"1":{"start":{"line":2,"column":0},"end":{"line":2,"column":43}},"2":{"start":{"line":3,"column":0},"end":{"line":3,"column":58}},"3":{"start":{"line":4,"column":0},"end":{"line":4,"column":30}},"4":{"start":{"line":6,"column":0},"end":{"line":6,"column":41}},"5":{"start":{"line":9,"column":21},"end":{"line":9,"column":30}},"6":{"start":{"line":10,"column":2},"end":{"line":10,"column":57}},"7":{"start":{"line":11,"column":2},"end":{"line":11,"column":33}},"8":{"start":{"line":13,"column":14},"end":{"line":13,"column":81}},"9":{"start":{"line":15,"column":25},"end":{"line":21,"column":4}},"10":{"start":{"line":23,"column":2},"end":{"line":45,"column":5}},"11":{"start":{"line":25,"column":6},"end":{"line":27,"column":7}},"12":{"start":{"line":26,"column":8},"end":{"line":26,"column":36}},"13":{"start":{"line":29,"column":6},"end":{"line":39,"column":7}},"14":{"start":{"line":30,"column":8},"end":{"line":30,"column":29}},"15":{"start":{"line":32,"column":8},"end":{"line":32,"column":52}},"16":{"start":{"line":33,"column":8},"end":{"line":33,"column":56}},"17":{"start":{"line":34,"column":8},"end":{"line":38,"column":9}},"18":{"start":{"line":35,"column":10},"end":{"line":35,"column":31}},"19":{"start":{"line":37,"column":10},"end":{"line":37,"column":53}},"20":{"start":{"line":47,"column":2},"end":{"line":47,"column":29}},"21":{"start":{"line":49,"column":2},"end":{"line":62,"column":5}},"22":{"start":{"line":50,"column":4},"end":{"line":61,"column":7}},"23":{"start":{"line":64,"column":2},"end":{"line":64,"column":45}},"24":{"start":{"line":65,"column":2},"end":{"line":65,"column":89}},"25":{"start":{"line":66,"column":2},"end":{"line":66,"column":94}},"26":{"start":{"line":68,"column":0},"end":{"line":68,"column":12}}},"fnMap":{"0":{"name":"bootstrap","decl":{"start":{"line":8,"column":15},"end":{"line":8,"column":24}},"loc":{"start":{"line":8,"column":24},"end":{"line":67,"column":1}}},"1":{"name":"(anonymous_2)","decl":{"start":{"line":24,"column":12},"end":{"line":24,"column":13}},"loc":{"start":{"line":24,"column":99},"end":{"line":40,"column":5}}},"2":{"name":"(anonymous_3)","decl":{"start":{"line":49,"column":22},"end":{"line":49,"column":23}},"loc":{"start":{"line":49,"column":35},"end":{"line":62,"column":3}}}},"branchMap":{"0":{"loc":{"start":{"line":16,"column":4},"end":{"line":16,"column":55}},"type":"binary-expr","locations":[{"start":{"line":16,"column":4},"end":{"line":16,"column":28}},{"start":{"line":16,"column":32},"end":{"line":16,"column":55}}]},"1":{"loc":{"start":{"line":25,"column":6},"end":{"line":27,"column":7}},"type":"if","locations":[{"start":{"line":25,"column":6},"end":{"line":27,"column":7}},{"start":{},"end":{}}]},"2":{"loc":{"start":{"line":29,"column":6},"end":{"line":39,"column":7}},"type":"if","locations":[{"start":{"line":29,"column":6},"end":{"line":39,"column":7}},{"start":{"line":31,"column":13},"end":{"line":39,"column":7}}]},"3":{"loc":{"start":{"line":34,"column":8},"end":{"line":38,"column":9}},"type":"if","locations":[{"start":{"line":34,"column":8},"end":{"line":38,"column":9}},{"start":{"line":36,"column":15},"end":{"line":38,"column":9}}]},"4":{"loc":{"start":{"line":64,"column":19},"end":{"line":64,"column":43}},"type":"binary-expr","locations":[{"start":{"line":64,"column":19},"end":{"line":64,"column":35}},{"start":{"line":64,"column":39},"end":{"line":64,"column":43}}]},"5":{"loc":{"start":{"line":65,"column":61},"end":{"line":65,"column":85}},"type":"binary-expr","locations":[{"start":{"line":65,"column":61},"end":{"line":65,"column":77}},{"start":{"line":65,"column":81},"end":{"line":65,"column":85}}]},"6":{"loc":{"start":{"line":66,"column":62},"end":{"line":66,"column":86}},"type":"binary-expr","locations":[{"start":{"line":66,"column":62},"end":{"line":66,"column":78}},{"start":{"line":66,"column":82},"end":{"line":66,"column":86}}]}},"s":{"0":0,"1":0,"2":0,"3":0,"4":0,"5":0,"6":0,"7":0,"8":0,"9":0,"10":0,"11":0,"12":0,"13":0,"14":0,"15":0,"16":0,"17":0,"18":0,"19":0,"20":0,"21":0,"22":0,"23":0,"24":0,"25":0,"26":0},"f":{"0":0,"1":0,"2":0},"b":{"0":[0,0],"1":[0,0],"2":[0,0],"3":[0,0],"4":[0,0],"5":[0,0],"6":[0,0]}}
,"/Users/layn/VyzProjects/Sem5/NodeJS/NodeJSLabs/NodeJS_Sem5_Labs/backend/src/auth/auth.controller.ts": {"path":"/Users/layn/VyzProjects/Sem5/NodeJS/NodeJSLabs/NodeJS_Sem5_Labs/backend/src/auth/auth.controller.ts","statementMap":{"0":{"start":{"line":1,"column":0},"end":{"line":1,"column":null}},"1":{"start":{"line":12,"column":0},"end":{"line":12,"column":80}},"2":{"start":{"line":15,"column":0},"end":{"line":15,"column":45}},"3":{"start":{"line":18,"column":7},"end":{"line":57,"column":null}},"4":{"start":{"line":19,"column":31},"end":{"line":19,"column":44}},"5":{"start":{"line":24,"column":4},"end":{"line":31,"column":5}},"6":{"start":{"line":25,"column":6},"end":{"line":25,"column":58}},"7":{"start":{"line":27,"column":6},"end":{"line":30,"column":8}},"8":{"start":{"line":37,"column":4},"end":{"line":44,"column":5}},"9":{"start":{"line":38,"column":6},"end":{"line":38,"column":52}},"10":{"start":{"line":40,"column":6},"end":{"line":43,"column":8}},"11":{"start":{"line":49,"column":17},"end":{"line":49,"column":62}},"12":{"start":{"line":50,"column":4},"end":{"line":52,"column":5}},"13":{"start":{"line":51,"column":6},"end":{"line":51,"column":70}},"14":{"start":{"line":54,"column":37},"end":{"line":54,"column":41}},"15":{"start":{"line":55,"column":4},"end":{"line":55,"column":19}},"16":{"start":{"line":18,"column":13},"end":{"line":18,"column":27}},"17":{"start":{"line":23,"column":8},"end":{"line":32,"column":null}},"18":{"start":{"line":36,"column":8},"end":{"line":45,"column":null}},"19":{"start":{"line":48,"column":8},"end":{"line":56,"column":null}},"20":{"start":{"line":18,"column":13},"end":{"line":57,"column":null}}},"fnMap":{"0":{"name":"(anonymous_4)","decl":{"start":{"line":19,"column":2},"end":{"line":19,"column":31}},"loc":{"start":{"line":19,"column":55},"end":{"line":19,"column":59}}},"1":{"name":"(anonymous_5)","decl":{"start":{"line":23,"column":8},"end":{"line":23,"column":16}},"loc":{"start":{"line":23,"column":49},"end":{"line":32,"column":3}}},"2":{"name":"(anonymous_6)","decl":{"start":{"line":36,"column":8},"end":{"line":36,"column":13}},"loc":{"start":{"line":36,"column":40},"end":{"line":45,"column":3}}},"3":{"name":"(anonymous_7)","decl":{"start":{"line":48,"column":8},"end":{"line":48,"column":18}},"loc":{"start":{"line":48,"column":50},"end":{"line":56,"column":3}}}},"branchMap":{"0":{"loc":{"start":{"line":28,"column":8},"end":{"line":28,"column":70}},"type":"cond-expr","locations":[{"start":{"line":28,"column":33},"end":{"line":28,"column":46}},{"start":{"line":28,"column":49},"end":{"line":28,"column":70}}]},"1":{"loc":{"start":{"line":41,"column":8},"end":{"line":41,"column":70}},"type":"cond-expr","locations":[{"start":{"line":41,"column":33},"end":{"line":41,"column":46}},{"start":{"line":41,"column":49},"end":{"line":41,"column":70}}]},"2":{"loc":{"start":{"line":50,"column":4},"end":{"line":52,"column":5}},"type":"if","locations":[{"start":{"line":50,"column":4},"end":{"line":52,"column":5}},{"start":{},"end":{}}]},"3":{"loc":{"start":{"line":23,"column":38},"end":{"line":23,"column":52}},"type":"cond-expr","locations":[{"start":{"line":23,"column":49},"end":{"line":23,"column":52}},{"start":{"line":23,"column":49},"end":{"line":23,"column":52}}]},"4":{"loc":{"start":{"line":23,"column":38},"end":{"line":23,"column":49}},"type":"binary-expr","locations":[{"start":{"line":23,"column":38},"end":{"line":23,"column":52}},{"start":{"line":23,"column":38},"end":{"line":23,"column":49}}]},"5":{"loc":{"start":{"line":23,"column":52},"end":{"line":23,"column":null}},"type":"cond-expr","locations":[{"start":{"line":23,"column":59},"end":{"line":23,"column":null}},{"start":{"line":23,"column":59},"end":{"line":23,"column":null}}]},"6":{"loc":{"start":{"line":23,"column":52},"end":{"line":23,"column":59}},"type":"binary-expr","locations":[{"start":{"line":23,"column":52},"end":{"line":23,"column":null}},{"start":{"line":23,"column":52},"end":{"line":23,"column":59}}]},"7":{"loc":{"start":{"line":36,"column":32},"end":{"line":36,"column":43}},"type":"cond-expr","locations":[{"start":{"line":36,"column":40},"end":{"line":36,"column":43}},{"start":{"line":36,"column":40},"end":{"line":36,"column":43}}]},"8":{"loc":{"start":{"line":36,"column":32},"end":{"line":36,"column":40}},"type":"binary-expr","locations":[{"start":{"line":36,"column":32},"end":{"line":36,"column":43}},{"start":{"line":36,"column":32},"end":{"line":36,"column":40}}]},"9":{"loc":{"start":{"line":36,"column":43},"end":{"line":36,"column":null}},"type":"cond-expr","locations":[{"start":{"line":36,"column":50},"end":{"line":36,"column":null}},{"start":{"line":36,"column":50},"end":{"line":36,"column":null}}]},"10":{"loc":{"start":{"line":36,"column":43},"end":{"line":36,"column":50}},"type":"binary-expr","locations":[{"start":{"line":36,"column":43},"end":{"line":36,"column":null}},{"start":{"line":36,"column":43},"end":{"line":36,"column":50}}]},"11":{"loc":{"start":{"line":48,"column":53},"end":{"line":48,"column":null}},"type":"cond-expr","locations":[{"start":{"line":48,"column":60},"end":{"line":48,"column":null}},{"start":{"line":48,"column":60},"end":{"line":48,"column":null}}]},"12":{"loc":{"start":{"line":48,"column":53},"end":{"line":48,"column":60}},"type":"binary-expr","locations":[{"start":{"line":48,"column":53},"end":{"line":48,"column":null}},{"start":{"line":48,"column":53},"end":{"line":48,"column":60}}]},"13":{"loc":{"start":{"line":19,"column":44},"end":{"line":19,"column":58}},"type":"cond-expr","locations":[{"start":{"line":19,"column":55},"end":{"line":19,"column":58}},{"start":{"line":19,"column":55},"end":{"line":19,"column":58}}]},"14":{"loc":{"start":{"line":19,"column":44},"end":{"line":19,"column":55}},"type":"binary-expr","locations":[{"start":{"line":19,"column":44},"end":{"line":19,"column":58}},{"start":{"line":19,"column":44},"end":{"line":19,"column":55}}]}},"s":{"0":0,"1":0,"2":0,"3":0,"4":0,"5":0,"6":0,"7":0,"8":0,"9":0,"10":0,"11":0,"12":0,"13":0,"14":0,"15":0,"16":0,"17":0,"18":0,"19":0,"20":0},"f":{"0":0,"1":0,"2":0,"3":0},"b":{"0":[0,0],"1":[0,0],"2":[0,0],"3":[0,0],"4":[0,0],"5":[0,0],"6":[0,0],"7":[0,0],"8":[0,0],"9":[0,0],"10":[0,0],"11":[0,0],"12":[0,0],"13":[0,0],"14":[0,0]}}
,"/Users/layn/VyzProjects/Sem5/NodeJS/NodeJSLabs/NodeJS_Sem5_Labs/backend/src/auth/auth.module.ts": {"path":"/Users/layn/VyzProjects/Sem5/NodeJS/NodeJSLabs/NodeJS_Sem5_Labs/backend/src/auth/auth.module.ts","statementMap":{"0":{"start":{"line":1,"column":0},"end":{"line":1,"column":40}},"1":{"start":{"line":3,"column":0},"end":{"line":3,"column":51}},"2":{"start":{"line":4,"column":0},"end":{"line":4,"column":45}},"3":{"start":{"line":11,"column":7},"end":{"line":11,"column":null}},"4":{"start":{"line":11,"column":13},"end":{"line":11,"column":23}},"5":{"start":{"line":11,"column":13},"end":{"line":11,"column":null}}},"fnMap":{},"branchMap":{},"s":{"0":0,"1":0,"2":0,"3":0,"4":0,"5":0},"f":{},"b":{}}
,"/Users/layn/VyzProjects/Sem5/NodeJS/NodeJSLabs/NodeJS_Sem5_Labs/backend/src/auth/auth.service.ts": {"path":"/Users/layn/VyzProjects/Sem5/NodeJS/NodeJSLabs/NodeJS_Sem5_Labs/backend/src/auth/auth.service.ts","statementMap":{"0":{"start":{"line":1,"column":0},"end":{"line":1,"column":71}},"1":{"start":{"line":5,"column":0},"end":{"line":5,"column":66}},"2":{"start":{"line":8,"column":7},"end":{"line":83,"column":null}},"3":{"start":{"line":9,"column":31},"end":{"line":9,"column":39}},"4":{"start":{"line":12,"column":25},"end":{"line":14,"column":6}},"5":{"start":{"line":15,"column":4},"end":{"line":17,"column":5}},"6":{"start":{"line":16,"column":6},"end":{"line":16,"column":90}},"7":{"start":{"line":19,"column":20},"end":{"line":25,"column":6}},"8":{"start":{"line":27,"column":4},"end":{"line":34,"column":6}},"9":{"start":{"line":38,"column":17},"end":{"line":40,"column":6}},"10":{"start":{"line":42,"column":4},"end":{"line":44,"column":5}},"11":{"start":{"line":43,"column":6},"end":{"line":43,"column":78}},"12":{"start":{"line":46,"column":4},"end":{"line":53,"column":6}},"13":{"start":{"line":57,"column":17},"end":{"line":57,"column":77}},"14":{"start":{"line":58,"column":4},"end":{"line":58,"column":32}},"15":{"start":{"line":58,"column":15},"end":{"line":58,"column":32}},"16":{"start":{"line":59,"column":4},"end":{"line":66,"column":6}},"17":{"start":{"line":70,"column":4},"end":{"line":77,"column":7}},"18":{"start":{"line":81,"column":4},"end":{"line":81,"column":43}},"19":{"start":{"line":8,"column":13},"end":{"line":8,"column":24}},"20":{"start":{"line":8,"column":13},"end":{"line":83,"column":null}}},"fnMap":{"0":{"name":"(anonymous_2)","decl":{"start":{"line":9,"column":2},"end":{"line":9,"column":31}},"loc":{"start":{"line":9,"column":52},"end":{"line":9,"column":57}}},"1":{"name":"(anonymous_3)","decl":{"start":{"line":11,"column":2},"end":{"line":11,"column":7}},"loc":{"start":{"line":11,"column":41},"end":{"line":35,"column":3}}},"2":{"name":"(anonymous_4)","decl":{"start":{"line":37,"column":2},"end":{"line":37,"column":7}},"loc":{"start":{"line":37,"column":32},"end":{"line":54,"column":3}}},"3":{"name":"(anonymous_5)","decl":{"start":{"line":56,"column":2},"end":{"line":56,"column":7}},"loc":{"start":{"line":56,"column":37},"end":{"line":67,"column":3}}},"4":{"name":"(anonymous_6)","decl":{"start":{"line":69,"column":2},"end":{"line":69,"column":7}},"loc":{"start":{"line":69,"column":57},"end":{"line":78,"column":3}}},"5":{"name":"(anonymous_7)","decl":{"start":{"line":80,"column":10},"end":{"line":80,"column":23}},"loc":{"start":{"line":80,"column":38},"end":{"line":82,"column":3}}}},"branchMap":{"0":{"loc":{"start":{"line":15,"column":4},"end":{"line":17,"column":5}},"type":"if","locations":[{"start":{"line":15,"column":4},"end":{"line":17,"column":5}},{"start":{},"end":{}}]},"1":{"loc":{"start":{"line":42,"column":4},"end":{"line":44,"column":5}},"type":"if","locations":[{"start":{"line":42,"column":4},"end":{"line":44,"column":5}},{"start":{},"end":{}}]},"2":{"loc":{"start":{"line":58,"column":4},"end":{"line":58,"column":32}},"type":"if","locations":[{"start":{"line":58,"column":4},"end":{"line":58,"column":32}},{"start":{},"end":{}}]},"3":{"loc":{"start":{"line":9,"column":39},"end":{"line":9,"column":56}},"type":"cond-expr","locations":[{"start":{"line":9,"column":52},"end":{"line":9,"column":56}},{"start":{"line":9,"column":52},"end":{"line":9,"column":56}}]},"4":{"loc":{"start":{"line":9,"column":39},"end":{"line":9,"column":52}},"type":"binary-expr","locations":[{"start":{"line":9,"column":39},"end":{"line":9,"column":56}},{"start":{"line":9,"column":39},"end":{"line":9,"column":52}}]}},"s":{"0":1,"1":1,"2":1,"3":0,"4":0,"5":0,"6":0,"7":0,"8":0,"9":0,"10":0,"11":0,"12":0,"13":0,"14":0,"15":0,"16":0,"17":0,"18":0,"19":1,"20":1},"f":{"0":0,"1":0,"2":0,"3":0,"4":0,"5":0},"b":{"0":[0,0],"1":[0,0],"2":[0,0],"3":[1,0],"4":[1,1]}}
,"/Users/layn/VyzProjects/Sem5/NodeJS/NodeJSLabs/NodeJS_Sem5_Labs/backend/src/books/books.controller.ts": {"path":"/Users/layn/VyzProjects/Sem5/NodeJS/NodeJSLabs/NodeJS_Sem5_Labs/backend/src/books/books.controller.ts","statementMap":{"0":{"start":{"line":1,"column":0},"end":{"line":1,"column":null}},"1":{"start":{"line":10,"column":0},"end":{"line":10,"column":92}},"2":{"start":{"line":13,"column":0},"end":{"line":13,"column":54}},"3":{"start":{"line":15,"column":0},"end":{"line":15,"column":47}},"4":{"start":{"line":18,"column":7},"end":{"line":74,"column":null}},"5":{"start":{"line":20,"column":21},"end":{"line":20,"column":35}},"6":{"start":{"line":21,"column":21},"end":{"line":21,"column":35}},"7":{"start":{"line":26,"column":18},"end":{"line":26,"column":56}},"8":{"start":{"line":27,"column":21},"end":{"line":27,"column":61}},"9":{"start":{"line":27,"column":41},"end":{"line":27,"column":60}},"10":{"start":{"line":29,"column":4},"end":{"line":32,"column":6}},"11":{"start":{"line":37,"column":19},"end":{"line":37,"column":54}},"12":{"start":{"line":38,"column":4},"end":{"line":38,"column":22}},"13":{"start":{"line":43,"column":20},"end":{"line":43,"column":66}},"14":{"start":{"line":44,"column":17},"end":{"line":44,"column":56}},"15":{"start":{"line":46,"column":4},"end":{"line":49,"column":6}},"16":{"start":{"line":54,"column":17},"end":{"line":54,"column":52}},"17":{"start":{"line":55,"column":4},"end":{"line":57,"column":5}},"18":{"start":{"line":56,"column":6},"end":{"line":56,"column":70}},"19":{"start":{"line":59,"column":4},"end":{"line":59,"column":31}},"20":{"start":{"line":63,"column":4},"end":{"line":72,"column":6}},"21":{"start":{"line":18,"column":13},"end":{"line":18,"column":28}},"22":{"start":{"line":25,"column":8},"end":{"line":33,"column":null}},"23":{"start":{"line":36,"column":8},"end":{"line":39,"column":null}},"24":{"start":{"line":42,"column":8},"end":{"line":50,"column":null}},"25":{"start":{"line":53,"column":8},"end":{"line":60,"column":null}},"26":{"start":{"line":18,"column":13},"end":{"line":74,"column":null}}},"fnMap":{"0":{"name":"(anonymous_4)","decl":{"start":{"line":19,"column":2},"end":{"line":19,"column":null}},"loc":{"start":{"line":21,"column":47},"end":{"line":22,"column":6}}},"1":{"name":"(anonymous_5)","decl":{"start":{"line":25,"column":8},"end":{"line":25,"column":15}},"loc":{"start":{"line":25,"column":44},"end":{"line":33,"column":3}}},"2":{"name":"(anonymous_6)","decl":{"start":{"line":27,"column":31},"end":{"line":27,"column":32}},"loc":{"start":{"line":27,"column":41},"end":{"line":27,"column":60}}},"3":{"name":"(anonymous_7)","decl":{"start":{"line":36,"column":8},"end":{"line":36,"column":17}},"loc":{"start":{"line":36,"column":17},"end":{"line":39,"column":3}}},"4":{"name":"(anonymous_8)","decl":{"start":{"line":42,"column":8},"end":{"line":42,"column":22}},"loc":{"start":{"line":42,"column":50},"end":{"line":50,"column":3}}},"5":{"name":"(anonymous_9)","decl":{"start":{"line":53,"column":8},"end":{"line":53,"column":15}},"loc":{"start":{"line":53,"column":39},"end":{"line":60,"column":3}}},"6":{"name":"(anonymous_10)","decl":{"start":{"line":62,"column":10},"end":{"line":62,"column":18}},"loc":{"start":{"line":62,"column":29},"end":{"line":73,"column":3}}}},"branchMap":{"0":{"loc":{"start":{"line":48,"column":12},"end":{"line":48,"column":50}},"type":"cond-expr","locations":[{"start":{"line":48,"column":19},"end":{"line":48,"column":38}},{"start":{"line":48,"column":41},"end":{"line":48,"column":50}}]},"1":{"loc":{"start":{"line":55,"column":4},"end":{"line":57,"column":5}},"type":"if","locations":[{"start":{"line":55,"column":4},"end":{"line":57,"column":5}},{"start":{},"end":{}}]},"2":{"loc":{"start":{"line":25,"column":32},"end":{"line":25,"column":47}},"type":"cond-expr","locations":[{"start":{"line":25,"column":44},"end":{"line":25,"column":47}},{"start":{"line":25,"column":44},"end":{"line":25,"column":47}}]},"3":{"loc":{"start":{"line":25,"column":32},"end":{"line":25,"column":44}},"type":"binary-expr","locations":[{"start":{"line":25,"column":32},"end":{"line":25,"column":47}},{"start":{"line":25,"column":32},"end":{"line":25,"column":44}}]},"4":{"loc":{"start":{"line":25,"column":47},"end":{"line":25,"column":null}},"type":"cond-expr","locations":[{"start":{"line":25,"column":54},"end":{"line":25,"column":null}},{"start":{"line":25,"column":54},"end":{"line":25,"column":null}}]},"5":{"loc":{"start":{"line":25,"column":47},"end":{"line":25,"column":54}},"type":"binary-expr","locations":[{"start":{"line":25,"column":47},"end":{"line":25,"column":null}},{"start":{"line":25,"column":47},"end":{"line":25,"column":54}}]},"6":{"loc":{"start":{"line":36,"column":21},"end":{"line":36,"column":null}},"type":"cond-expr","locations":[{"start":{"line":36,"column":28},"end":{"line":36,"column":null}},{"start":{"line":36,"column":28},"end":{"line":36,"column":null}}]},"7":{"loc":{"start":{"line":36,"column":21},"end":{"line":36,"column":28}},"type":"binary-expr","locations":[{"start":{"line":36,"column":21},"end":{"line":36,"column":null}},{"start":{"line":36,"column":21},"end":{"line":36,"column":28}}]},"8":{"loc":{"start":{"line":42,"column":53},"end":{"line":42,"column":null}},"type":"cond-expr","locations":[{"start":{"line":42,"column":60},"end":{"line":42,"column":null}},{"start":{"line":42,"column":60},"end":{"line":42,"column":null}}]},"9":{"loc":{"start":{"line":42,"column":53},"end":{"line":42,"column":60}},"type":"binary-expr","locations":[{"start":{"line":42,"column":53},"end":{"line":42,"column":null}},{"start":{"line":42,"column":53},"end":{"line":42,"column":60}}]},"10":{"loc":{"start":{"line":53,"column":42},"end":{"line":53,"column":null}},"type":"cond-expr","locations":[{"start":{"line":53,"column":49},"end":{"line":53,"column":null}},{"start":{"line":53,"column":49},"end":{"line":53,"column":null}}]},"11":{"loc":{"start":{"line":53,"column":42},"end":{"line":53,"column":49}},"type":"binary-expr","locations":[{"start":{"line":53,"column":42},"end":{"line":53,"column":null}},{"start":{"line":53,"column":42},"end":{"line":53,"column":49}}]},"12":{"loc":{"start":{"line":20,"column":35},"end":{"line":20,"column":null}},"type":"cond-expr","locations":[{"start":{"line":20,"column":47},"end":{"line":20,"column":null}},{"start":{"line":20,"column":47},"end":{"line":20,"column":null}}]},"13":{"loc":{"start":{"line":20,"column":35},"end":{"line":20,"column":47}},"type":"binary-expr","locations":[{"start":{"line":20,"column":35},"end":{"line":20,"column":null}},{"start":{"line":20,"column":35},"end":{"line":20,"column":47}}]},"14":{"loc":{"start":{"line":20,"column":47},"end":{"line":21,"column":null}},"type":"cond-expr","locations":[{"start":{"line":21,"column":47},"end":{"line":21,"column":null}},{"start":{"line":21,"column":47},"end":{"line":21,"column":null}}]},"15":{"loc":{"start":{"line":20,"column":47},"end":{"line":21,"column":47}},"type":"binary-expr","locations":[{"start":{"line":20,"column":47},"end":{"line":21,"column":null}},{"start":{"line":21,"column":35},"end":{"line":21,"column":47}}]}},"s":{"0":1,"1":1,"2":1,"3":1,"4":1,"5":7,"6":7,"7":1,"8":1,"9":1,"10":1,"11":1,"12":1,"13":2,"14":2,"15":2,"16":2,"17":2,"18":1,"19":1,"20":3,"21":1,"22":1,"23":1,"24":1,"25":1,"26":1},"f":{"0":7,"1":1,"2":1,"3":1,"4":2,"5":2,"6":3},"b":{"0":[1,1],"1":[1,1],"2":[1,0],"3":[1,1],"4":[1,0],"5":[1,1],"6":[1,0],"7":[1,1],"8":[1,0],"9":[1,1],"10":[1,0],"11":[1,1],"12":[1,0],"13":[1,1],"14":[1,0],"15":[1,1]}}
,"/Users/layn/VyzProjects/Sem5/NodeJS/NodeJSLabs/NodeJS_Sem5_Labs/backend/src/books/books.module.ts": {"path":"/Users/layn/VyzProjects/Sem5/NodeJS/NodeJSLabs/NodeJS_Sem5_Labs/backend/src/books/books.module.ts","statementMap":{"0":{"start":{"line":1,"column":0},"end":{"line":1,"column":40}},"1":{"start":{"line":3,"column":0},"end":{"line":3,"column":52}},"2":{"start":{"line":5,"column":0},"end":{"line":5,"column":53}},"3":{"start":{"line":6,"column":0},"end":{"line":6,"column":47}},"4":{"start":{"line":14,"column":7},"end":{"line":14,"column":null}},"5":{"start":{"line":14,"column":13},"end":{"line":14,"column":24}},"6":{"start":{"line":14,"column":13},"end":{"line":14,"column":null}}},"fnMap":{},"branchMap":{},"s":{"0":0,"1":0,"2":0,"3":0,"4":0,"5":0,"6":0},"f":{},"b":{}}
,"/Users/layn/VyzProjects/Sem5/NodeJS/NodeJSLabs/NodeJS_Sem5_Labs/backend/src/books/books.service.ts": {"path":"/Users/layn/VyzProjects/Sem5/NodeJS/NodeJSLabs/NodeJS_Sem5_Labs/backend/src/books/books.service.ts","statementMap":{"0":{"start":{"line":1,"column":0},"end":{"line":1,"column":44}},"1":{"start":{"line":4,"column":0},"end":{"line":4,"column":66}},"2":{"start":{"line":7,"column":7},"end":{"line":56,"column":null}},"3":{"start":{"line":8,"column":31},"end":{"line":8,"column":39}},"4":{"start":{"line":11,"column":23},"end":{"line":11,"column":25}},"5":{"start":{"line":13,"column":4},"end":{"line":15,"column":5}},"6":{"start":{"line":14,"column":6},"end":{"line":14,"column":34}},"7":{"start":{"line":17,"column":4},"end":{"line":23,"column":5}},"8":{"start":{"line":18,"column":21},"end":{"line":18,"column":49}},"9":{"start":{"line":19,"column":6},"end":{"line":22,"column":8}},"10":{"start":{"line":25,"column":4},"end":{"line":33,"column":5}},"11":{"start":{"line":26,"column":6},"end":{"line":26,"column":23}},"12":{"start":{"line":27,"column":6},"end":{"line":29,"column":7}},"13":{"start":{"line":28,"column":8},"end":{"line":28,"column":55}},"14":{"start":{"line":30,"column":6},"end":{"line":32,"column":7}},"15":{"start":{"line":31,"column":8},"end":{"line":31,"column":55}},"16":{"start":{"line":35,"column":18},"end":{"line":38,"column":6}},"17":{"start":{"line":40,"column":4},"end":{"line":40,"column":17}},"18":{"start":{"line":44,"column":17},"end":{"line":44,"column":69}},"19":{"start":{"line":45,"column":4},"end":{"line":45,"column":29}},"20":{"start":{"line":49,"column":19},"end":{"line":53,"column":6}},"21":{"start":{"line":54,"column":4},"end":{"line":54,"column":38}},"22":{"start":{"line":54,"column":29},"end":{"line":54,"column":36}},"23":{"start":{"line":7,"column":13},"end":{"line":7,"column":25}},"24":{"start":{"line":7,"column":13},"end":{"line":56,"column":null}}},"fnMap":{"0":{"name":"(anonymous_2)","decl":{"start":{"line":8,"column":2},"end":{"line":8,"column":31}},"loc":{"start":{"line":8,"column":52},"end":{"line":8,"column":57}}},"1":{"name":"(anonymous_3)","decl":{"start":{"line":10,"column":2},"end":{"line":10,"column":7}},"loc":{"start":{"line":10,"column":37},"end":{"line":41,"column":3}}},"2":{"name":"(anonymous_4)","decl":{"start":{"line":43,"column":2},"end":{"line":43,"column":7}},"loc":{"start":{"line":43,"column":26},"end":{"line":46,"column":3}}},"3":{"name":"(anonymous_5)","decl":{"start":{"line":48,"column":2},"end":{"line":48,"column":7}},"loc":{"start":{"line":48,"column":17},"end":{"line":55,"column":3}}},"4":{"name":"(anonymous_6)","decl":{"start":{"line":54,"column":22},"end":{"line":54,"column":23}},"loc":{"start":{"line":54,"column":29},"end":{"line":54,"column":36}}}},"branchMap":{"0":{"loc":{"start":{"line":13,"column":4},"end":{"line":15,"column":5}},"type":"if","locations":[{"start":{"line":13,"column":4},"end":{"line":15,"column":5}},{"start":{},"end":{}}]},"1":{"loc":{"start":{"line":17,"column":4},"end":{"line":23,"column":5}},"type":"if","locations":[{"start":{"line":17,"column":4},"end":{"line":23,"column":5}},{"start":{},"end":{}}]},"2":{"loc":{"start":{"line":25,"column":4},"end":{"line":33,"column":5}},"type":"if","locations":[{"start":{"line":25,"column":4},"end":{"line":33,"column":5}},{"start":{},"end":{}}]},"3":{"loc":{"start":{"line":25,"column":8},"end":{"line":25,"column":74}},"type":"binary-expr","locations":[{"start":{"line":25,"column":8},"end":{"line":25,"column":39}},{"start":{"line":25,"column":43},"end":{"line":25,"column":74}}]},"4":{"loc":{"start":{"line":27,"column":6},"end":{"line":29,"column":7}},"type":"if","locations":[{"start":{"line":27,"column":6},"end":{"line":29,"column":7}},{"start":{},"end":{}}]},"5":{"loc":{"start":{"line":27,"column":10},"end":{"line":27,"column":69}},"type":"binary-expr","locations":[{"start":{"line":27,"column":10},"end":{"line":27,"column":40}},{"start":{"line":27,"column":44},"end":{"line":27,"column":69}}]},"6":{"loc":{"start":{"line":30,"column":6},"end":{"line":32,"column":7}},"type":"if","locations":[{"start":{"line":30,"column":6},"end":{"line":32,"column":7}},{"start":{},"end":{}}]},"7":{"loc":{"start":{"line":30,"column":10},"end":{"line":30,"column":69}},"type":"binary-expr","locations":[{"start":{"line":30,"column":10},"end":{"line":30,"column":40}},{"start":{"line":30,"column":44},"end":{"line":30,"column":69}}]},"8":{"loc":{"start":{"line":45,"column":11},"end":{"line":45,"column":28}},"type":"binary-expr","locations":[{"start":{"line":45,"column":11},"end":{"line":45,"column":15}},{"start":{"line":45,"column":19},"end":{"line":45,"column":28}}]},"9":{"loc":{"start":{"line":8,"column":39},"end":{"line":8,"column":56}},"type":"cond-expr","locations":[{"start":{"line":8,"column":52},"end":{"line":8,"column":56}},{"start":{"line":8,"column":52},"end":{"line":8,"column":56}}]},"10":{"loc":{"start":{"line":8,"column":39},"end":{"line":8,"column":52}},"type":"binary-expr","locations":[{"start":{"line":8,"column":39},"end":{"line":8,"column":56}},{"start":{"line":8,"column":39},"end":{"line":8,"column":52}}]}},"s":{"0":2,"1":2,"2":2,"3":10,"4":6,"5":6,"6":1,"7":6,"8":1,"9":1,"10":6,"11":3,"12":3,"13":2,"14":3,"15":2,"16":6,"17":6,"18":2,"19":2,"20":1,"21":1,"22":2,"23":2,"24":2},"f":{"0":10,"1":6,"2":2,"3":1,"4":2},"b":{"0":[1,5],"1":[1,5],"2":[3,3],"3":[6,4],"4":[2,1],"5":[3,2],"6":[2,1],"7":[3,2],"8":[2,1],"9":[2,0],"10":[2,2]}}
,"/Users/layn/VyzProjects/Sem5/NodeJS/NodeJSLabs/NodeJS_Sem5_Labs/backend/src/cart/cart.controller.ts": {"path":"/Users/layn/VyzProjects/Sem5/NodeJS/NodeJSLabs/NodeJS_Sem5_Labs/backend/src/cart/cart.controller.ts","statementMap":{"0":{"start":{"line":1,"column":0},"end":{"line":1,"column":null}},"1":{"start":{"line":14,"column":0},"end":{"line":14,"column":90}},"2":{"start":{"line":16,"column":0},"end":{"line":16,"column":45}},"3":{"start":{"line":19,"column":7},"end":{"line":82,"column":null}},"4":{"start":{"line":20,"column":31},"end":{"line":20,"column":44}},"5":{"start":{"line":24,"column":4},"end":{"line":24,"column":50}},"6":{"start":{"line":33,"column":4},"end":{"line":40,"column":5}},"7":{"start":{"line":34,"column":6},"end":{"line":34,"column":98}},"8":{"start":{"line":36,"column":6},"end":{"line":39,"column":8}},"9":{"start":{"line":49,"column":4},"end":{"line":57,"column":5}},"10":{"start":{"line":50,"column":6},"end":{"line":50,"column":88}},"11":{"start":{"line":51,"column":6},"end":{"line":51,"column":52}},"12":{"start":{"line":53,"column":6},"end":{"line":56,"column":8}},"13":{"start":{"line":66,"column":4},"end":{"line":74,"column":5}},"14":{"start":{"line":67,"column":6},"end":{"line":67,"column":60}},"15":{"start":{"line":68,"column":6},"end":{"line":68,"column":52}},"16":{"start":{"line":70,"column":6},"end":{"line":73,"column":8}},"17":{"start":{"line":80,"column":4},"end":{"line":80,"column":45}},"18":{"start":{"line":19,"column":13},"end":{"line":19,"column":27}},"19":{"start":{"line":23,"column":8},"end":{"line":25,"column":null}},"20":{"start":{"line":29,"column":8},"end":{"line":41,"column":null}},"21":{"start":{"line":44,"column":8},"end":{"line":58,"column":null}},"22":{"start":{"line":62,"column":8},"end":{"line":75,"column":null}},"23":{"start":{"line":79,"column":8},"end":{"line":81,"column":null}},"24":{"start":{"line":19,"column":13},"end":{"line":82,"column":null}}},"fnMap":{"0":{"name":"(anonymous_4)","decl":{"start":{"line":20,"column":2},"end":{"line":20,"column":31}},"loc":{"start":{"line":20,"column":55},"end":{"line":20,"column":59}}},"1":{"name":"(anonymous_5)","decl":{"start":{"line":23,"column":8},"end":{"line":23,"column":15}},"loc":{"start":{"line":23,"column":47},"end":{"line":25,"column":3}}},"2":{"name":"(anonymous_6)","decl":{"start":{"line":29,"column":8},"end":{"line":29,"column":17}},"loc":{"start":{"line":31,"column":38},"end":{"line":41,"column":3}}},"3":{"name":"(anonymous_7)","decl":{"start":{"line":44,"column":8},"end":{"line":44,"column":22}},"loc":{"start":{"line":47,"column":48},"end":{"line":58,"column":3}}},"4":{"name":"(anonymous_8)","decl":{"start":{"line":62,"column":8},"end":{"line":62,"column":22}},"loc":{"start":{"line":64,"column":35},"end":{"line":75,"column":3}}},"5":{"name":"(anonymous_9)","decl":{"start":{"line":79,"column":8},"end":{"line":79,"column":17}},"loc":{"start":{"line":79,"column":49},"end":{"line":81,"column":3}}}},"branchMap":{"0":{"loc":{"start":{"line":37,"column":8},"end":{"line":37,"column":77}},"type":"cond-expr","locations":[{"start":{"line":37,"column":33},"end":{"line":37,"column":46}},{"start":{"line":37,"column":49},"end":{"line":37,"column":77}}]},"1":{"loc":{"start":{"line":54,"column":8},"end":{"line":54,"column":77}},"type":"cond-expr","locations":[{"start":{"line":54,"column":33},"end":{"line":54,"column":46}},{"start":{"line":54,"column":49},"end":{"line":54,"column":77}}]},"2":{"loc":{"start":{"line":71,"column":8},"end":{"line":71,"column":82}},"type":"cond-expr","locations":[{"start":{"line":71,"column":33},"end":{"line":71,"column":46}},{"start":{"line":71,"column":49},"end":{"line":71,"column":82}}]},"3":{"loc":{"start":{"line":23,"column":50},"end":{"line":23,"column":null}},"type":"cond-expr","locations":[{"start":{"line":23,"column":57},"end":{"line":23,"column":null}},{"start":{"line":23,"column":57},"end":{"line":23,"column":null}}]},"4":{"loc":{"start":{"line":23,"column":50},"end":{"line":23,"column":57}},"type":"binary-expr","locations":[{"start":{"line":23,"column":50},"end":{"line":23,"column":null}},{"start":{"line":23,"column":50},"end":{"line":23,"column":57}}]},"5":{"loc":{"start":{"line":31,"column":26},"end":{"line":31,"column":null}},"type":"cond-expr","locations":[{"start":{"line":31,"column":38},"end":{"line":31,"column":null}},{"start":{"line":31,"column":38},"end":{"line":31,"column":null}}]},"6":{"loc":{"start":{"line":31,"column":26},"end":{"line":31,"column":38}},"type":"binary-expr","locations":[{"start":{"line":31,"column":26},"end":{"line":31,"column":null}},{"start":{"line":31,"column":26},"end":{"line":31,"column":38}}]},"7":{"loc":{"start":{"line":32,"column":5},"end":{"line":32,"column":null}},"type":"cond-expr","locations":[{"start":{"line":32,"column":12},"end":{"line":32,"column":null}},{"start":{"line":32,"column":12},"end":{"line":32,"column":null}}]},"8":{"loc":{"start":{"line":32,"column":5},"end":{"line":32,"column":12}},"type":"binary-expr","locations":[{"start":{"line":32,"column":5},"end":{"line":32,"column":null}},{"start":{"line":32,"column":5},"end":{"line":32,"column":12}}]},"9":{"loc":{"start":{"line":47,"column":31},"end":{"line":47,"column":null}},"type":"cond-expr","locations":[{"start":{"line":47,"column":48},"end":{"line":47,"column":null}},{"start":{"line":47,"column":48},"end":{"line":47,"column":null}}]},"10":{"loc":{"start":{"line":47,"column":31},"end":{"line":47,"column":48}},"type":"binary-expr","locations":[{"start":{"line":47,"column":31},"end":{"line":47,"column":null}},{"start":{"line":47,"column":31},"end":{"line":47,"column":48}}]},"11":{"loc":{"start":{"line":48,"column":5},"end":{"line":48,"column":null}},"type":"cond-expr","locations":[{"start":{"line":48,"column":12},"end":{"line":48,"column":null}},{"start":{"line":48,"column":12},"end":{"line":48,"column":null}}]},"12":{"loc":{"start":{"line":48,"column":5},"end":{"line":48,"column":12}},"type":"binary-expr","locations":[{"start":{"line":48,"column":5},"end":{"line":48,"column":null}},{"start":{"line":48,"column":5},"end":{"line":48,"column":12}}]},"13":{"loc":{"start":{"line":65,"column":5},"end":{"line":65,"column":null}},"type":"cond-expr","locations":[{"start":{"line":65,"column":12},"end":{"line":65,"column":null}},{"start":{"line":65,"column":12},"end":{"line":65,"column":null}}]},"14":{"loc":{"start":{"line":65,"column":5},"end":{"line":65,"column":12}},"type":"binary-expr","locations":[{"start":{"line":65,"column":5},"end":{"line":65,"column":null}},{"start":{"line":65,"column":5},"end":{"line":65,"column":12}}]},"15":{"loc":{"start":{"line":79,"column":52},"end":{"line":79,"column":null}},"type":"cond-expr","locations":[{"start":{"line":79,"column":59},"end":{"line":79,"column":null}},{"start":{"line":79,"column":59},"end":{"line":79,"column":null}}]},"16":{"loc":{"start":{"line":79,"column":52},"end":{"line":79,"column":59}},"type":"binary-expr","locations":[{"start":{"line":79,"column":52},"end":{"line":79,"column":null}},{"start":{"line":79,"column":52},"end":{"line":79,"column":59}}]},"17":{"loc":{"start":{"line":20,"column":44},"end":{"line":20,"column":58}},"type":"cond-expr","locations":[{"start":{"line":20,"column":55},"end":{"line":20,"column":58}},{"start":{"line":20,"column":55},"end":{"line":20,"column":58}}]},"18":{"loc":{"start":{"line":20,"column":44},"end":{"line":20,"column":55}},"type":"binary-expr","locations":[{"start":{"line":20,"column":44},"end":{"line":20,"column":58}},{"start":{"line":20,"column":44},"end":{"line":20,"column":55}}]}},"s":{"0":0,"1":0,"2":0,"3":0,"4":0,"5":0,"6":0,"7":0,"8":0,"9":0,"10":0,"11":0,"12":0,"13":0,"14":0,"15":0,"16":0,"17":0,"18":0,"19":0,"20":0,"21":0,"22":0,"23":0,"24":0},"f":{"0":0,"1":0,"2":0,"3":0,"4":0,"5":0},"b":{"0":[0,0],"1":[0,0],"2":[0,0],"3":[0,0],"4":[0,0],"5":[0,0],"6":[0,0],"7":[0,0],"8":[0,0],"9":[0,0],"10":[0,0],"11":[0,0],"12":[0,0],"13":[0,0],"14":[0,0],"15":[0,0],"16":[0,0],"17":[0,0],"18":[0,0]}}
,"/Users/layn/VyzProjects/Sem5/NodeJS/NodeJSLabs/NodeJS_Sem5_Labs/backend/src/cart/cart.module.ts": {"path":"/Users/layn/VyzProjects/Sem5/NodeJS/NodeJSLabs/NodeJS_Sem5_Labs/backend/src/cart/cart.module.ts","statementMap":{"0":{"start":{"line":1,"column":0},"end":{"line":1,"column":40}},"1":{"start":{"line":3,"column":0},"end":{"line":3,"column":51}},"2":{"start":{"line":4,"column":0},"end":{"line":4,"column":45}},"3":{"start":{"line":10,"column":7},"end":{"line":10,"column":null}},"4":{"start":{"line":10,"column":13},"end":{"line":10,"column":23}},"5":{"start":{"line":10,"column":13},"end":{"line":10,"column":null}}},"fnMap":{},"branchMap":{},"s":{"0":0,"1":0,"2":0,"3":0,"4":0,"5":0},"f":{},"b":{}}
,"/Users/layn/VyzProjects/Sem5/NodeJS/NodeJSLabs/NodeJS_Sem5_Labs/backend/src/cart/cart.service.ts": {"path":"/Users/layn/VyzProjects/Sem5/NodeJS/NodeJSLabs/NodeJS_Sem5_Labs/backend/src/cart/cart.service.ts","statementMap":{"0":{"start":{"line":1,"column":0},"end":{"line":1,"column":71}},"1":{"start":{"line":5,"column":0},"end":{"line":5,"column":66}},"2":{"start":{"line":8,"column":7},"end":{"line":119,"column":null}},"3":{"start":{"line":9,"column":31},"end":{"line":9,"column":39}},"4":{"start":{"line":12,"column":4},"end":{"line":12,"column":34}},"5":{"start":{"line":13,"column":18},"end":{"line":13,"column":57}},"6":{"start":{"line":15,"column":4},"end":{"line":18,"column":6}},"7":{"start":{"line":22,"column":4},"end":{"line":22,"column":34}},"8":{"start":{"line":24,"column":17},"end":{"line":24,"column":77}},"9":{"start":{"line":25,"column":4},"end":{"line":27,"column":5}},"10":{"start":{"line":26,"column":6},"end":{"line":26,"column":70}},"11":{"start":{"line":29,"column":4},"end":{"line":33,"column":7}},"12":{"start":{"line":35,"column":18},"end":{"line":35,"column":57}},"13":{"start":{"line":37,"column":4},"end":{"line":40,"column":6}},"14":{"start":{"line":44,"column":4},"end":{"line":46,"column":5}},"15":{"start":{"line":45,"column":6},"end":{"line":45,"column":89}},"16":{"start":{"line":48,"column":4},"end":{"line":48,"column":34}},"17":{"start":{"line":50,"column":21},"end":{"line":52,"column":6}},"18":{"start":{"line":53,"column":4},"end":{"line":55,"column":5}},"19":{"start":{"line":54,"column":6},"end":{"line":54,"column":78}},"20":{"start":{"line":57,"column":4},"end":{"line":60,"column":7}},"21":{"start":{"line":62,"column":18},"end":{"line":62,"column":57}},"22":{"start":{"line":64,"column":4},"end":{"line":67,"column":6}},"23":{"start":{"line":71,"column":4},"end":{"line":71,"column":34}},"24":{"start":{"line":73,"column":4},"end":{"line":75,"column":7}},"25":{"start":{"line":77,"column":18},"end":{"line":77,"column":57}},"26":{"start":{"line":79,"column":4},"end":{"line":82,"column":6}},"27":{"start":{"line":86,"column":4},"end":{"line":86,"column":34}},"28":{"start":{"line":87,"column":4},"end":{"line":87,"column":73}},"29":{"start":{"line":91,"column":4},"end":{"line":95,"column":7}},"30":{"start":{"line":99,"column":17},"end":{"line":102,"column":6}},"31":{"start":{"line":104,"column":4},"end":{"line":113,"column":8}},"32":{"start":{"line":104,"column":30},"end":{"line":113,"column":6}},"33":{"start":{"line":117,"column":4},"end":{"line":117,"column":85}},"34":{"start":{"line":117,"column":41},"end":{"line":117,"column":80}},"35":{"start":{"line":8,"column":13},"end":{"line":8,"column":24}},"36":{"start":{"line":8,"column":13},"end":{"line":119,"column":null}}},"fnMap":{"0":{"name":"(anonymous_2)","decl":{"start":{"line":9,"column":2},"end":{"line":9,"column":31}},"loc":{"start":{"line":9,"column":52},"end":{"line":9,"column":56}}},"1":{"name":"(anonymous_3)","decl":{"start":{"line":11,"column":2},"end":{"line":11,"column":7}},"loc":{"start":{"line":11,"column":30},"end":{"line":19,"column":3}}},"2":{"name":"(anonymous_4)","decl":{"start":{"line":21,"column":2},"end":{"line":21,"column":7}},"loc":{"start":{"line":21,"column":66},"end":{"line":41,"column":3}}},"3":{"name":"(anonymous_5)","decl":{"start":{"line":43,"column":2},"end":{"line":43,"column":7}},"loc":{"start":{"line":43,"column":71},"end":{"line":68,"column":3}}},"4":{"name":"(anonymous_6)","decl":{"start":{"line":70,"column":2},"end":{"line":70,"column":7}},"loc":{"start":{"line":70,"column":53},"end":{"line":83,"column":3}}},"5":{"name":"(anonymous_7)","decl":{"start":{"line":85,"column":2},"end":{"line":85,"column":7}},"loc":{"start":{"line":85,"column":32},"end":{"line":88,"column":3}}},"6":{"name":"(anonymous_8)","decl":{"start":{"line":90,"column":10},"end":{"line":90,"column":15}},"loc":{"start":{"line":90,"column":41},"end":{"line":96,"column":3}}},"7":{"name":"(anonymous_9)","decl":{"start":{"line":98,"column":10},"end":{"line":98,"column":15}},"loc":{"start":{"line":98,"column":51},"end":{"line":114,"column":3}}},"8":{"name":"(anonymous_10)","decl":{"start":{"line":104,"column":20},"end":{"line":104,"column":21}},"loc":{"start":{"line":104,"column":30},"end":{"line":113,"column":6}}},"9":{"name":"(anonymous_11)","decl":{"start":{"line":116,"column":10},"end":{"line":116,"column":24}},"loc":{"start":{"line":116,"column":53},"end":{"line":118,"column":3}}},"10":{"name":"(anonymous_12)","decl":{"start":{"line":117,"column":24},"end":{"line":117,"column":25}},"loc":{"start":{"line":117,"column":41},"end":{"line":117,"column":80}}}},"branchMap":{"0":{"loc":{"start":{"line":25,"column":4},"end":{"line":27,"column":5}},"type":"if","locations":[{"start":{"line":25,"column":4},"end":{"line":27,"column":5}},{"start":{},"end":{}}]},"1":{"loc":{"start":{"line":44,"column":4},"end":{"line":46,"column":5}},"type":"if","locations":[{"start":{"line":44,"column":4},"end":{"line":46,"column":5}},{"start":{},"end":{}}]},"2":{"loc":{"start":{"line":53,"column":4},"end":{"line":55,"column":5}},"type":"if","locations":[{"start":{"line":53,"column":4},"end":{"line":55,"column":5}},{"start":{},"end":{}}]},"3":{"loc":{"start":{"line":9,"column":39},"end":{"line":9,"column":55}},"type":"cond-expr","locations":[{"start":{"line":9,"column":52},"end":{"line":9,"column":55}},{"start":{"line":9,"column":52},"end":{"line":9,"column":55}}]},"4":{"loc":{"start":{"line":9,"column":39},"end":{"line":9,"column":52}},"type":"binary-expr","locations":[{"start":{"line":9,"column":39},"end":{"line":9,"column":55}},{"start":{"line":9,"column":39},"end":{"line":9,"column":52}}]}},"s":{"0":0,"1":0,"2":0,"3":0,"4":0,"5":0,"6":0,"7":0,"8":0,"9":0,"10":0,"11":0,"12":0,"13":0,"14":0,"15":0,"16":0,"17":0,"18":0,"19":0,"20":0,"21":0,"22":0,"23":0,"24":0,"25":0,"26":0,"27":0,"28":0,"29":0,"30":0,"31":0,"32":0,"33":0,"34":0,"35":0,"36":0},"f":{"0":0,"1":0,"2":0,"3":0,"4":0,"5":0,"6":0,"7":0,"8":0,"9":0,"10":0},"b":{"0":[0,0],"1":[0,0],"2":[0,0],"3":[0,0],"4":[0,0]}}
,"/Users/layn/VyzProjects/Sem5/NodeJS/NodeJSLabs/NodeJS_Sem5_Labs/backend/src/common/dto/auth.dto.ts": {"path":"/Users/layn/VyzProjects/Sem5/NodeJS/NodeJSLabs/NodeJS_Sem5_Labs/backend/src/common/dto/auth.dto.ts","statementMap":{"0":{"start":{"line":1,"column":0},"end":{"line":1,"column":13}},"1":{"start":{"line":9,"column":0},"end":{"line":9,"column":13}},"2":{"start":{"line":15,"column":0},"end":{"line":15,"column":13}}},"fnMap":{},"branchMap":{},"s":{"0":0,"1":0,"2":0},"f":{},"b":{}}
,"/Users/layn/VyzProjects/Sem5/NodeJS/NodeJSLabs/NodeJS_Sem5_Labs/backend/src/common/dto/book.dto.ts": {"path":"/Users/layn/VyzProjects/Sem5/NodeJS/NodeJSLabs/NodeJS_Sem5_Labs/backend/src/common/dto/book.dto.ts","statementMap":{"0":{"start":{"line":3,"column":0},"end":{"line":3,"column":13}},"1":{"start":{"line":21,"column":0},"end":{"line":21,"column":13}},"2":{"start":{"line":27,"column":0},"end":{"line":27,"column":13}}},"fnMap":{},"branchMap":{},"s":{"0":1,"1":1,"2":1},"f":{},"b":{}}
,"/Users/layn/VyzProjects/Sem5/NodeJS/NodeJSLabs/NodeJS_Sem5_Labs/backend/src/common/dto/cart.dto.ts": {"path":"/Users/layn/VyzProjects/Sem5/NodeJS/NodeJSLabs/NodeJS_Sem5_Labs/backend/src/common/dto/cart.dto.ts","statementMap":{"0":{"start":{"line":1,"column":0},"end":{"line":1,"column":13}},"1":{"start":{"line":7,"column":0},"end":{"line":7,"column":13}},"2":{"start":{"line":11,"column":0},"end":{"line":11,"column":13}},"3":{"start":{"line":24,"column":0},"end":{"line":24,"column":13}}},"fnMap":{},"branchMap":{},"s":{"0":0,"1":0,"2":0,"3":0},"f":{},"b":{}}
,"/Users/layn/VyzProjects/Sem5/NodeJS/NodeJSLabs/NodeJS_Sem5_Labs/backend/src/common/dto/review.dto.ts": {"path":"/Users/layn/VyzProjects/Sem5/NodeJS/NodeJSLabs/NodeJS_Sem5_Labs/backend/src/common/dto/review.dto.ts","statementMap":{"0":{"start":{"line":1,"column":0},"end":{"line":1,"column":13}},"1":{"start":{"line":9,"column":0},"end":{"line":9,"column":13}}},"fnMap":{},"branchMap":{},"s":{"0":0,"1":0},"f":{},"b":{}}
,"/Users/layn/VyzProjects/Sem5/NodeJS/NodeJSLabs/NodeJS_Sem5_Labs/backend/src/common/services/prisma.module.ts": {"path":"/Users/layn/VyzProjects/Sem5/NodeJS/NodeJSLabs/NodeJS_Sem5_Labs/backend/src/common/services/prisma.module.ts","statementMap":{"0":{"start":{"line":1,"column":0},"end":{"line":1,"column":48}},"1":{"start":{"line":2,"column":0},"end":{"line":2,"column":49}},"2":{"start":{"line":9,"column":7},"end":{"line":9,"column":null}},"3":{"start":{"line":9,"column":13},"end":{"line":9,"column":25}},"4":{"start":{"line":9,"column":13},"end":{"line":9,"column":null}}},"fnMap":{},"branchMap":{},"s":{"0":0,"1":0,"2":0,"3":0,"4":0},"f":{},"b":{}}
,"/Users/layn/VyzProjects/Sem5/NodeJS/NodeJSLabs/NodeJS_Sem5_Labs/backend/src/common/services/prisma.service.ts": {"path":"/Users/layn/VyzProjects/Sem5/NodeJS/NodeJSLabs/NodeJS_Sem5_Labs/backend/src/common/services/prisma.service.ts","statementMap":{"0":{"start":{"line":1,"column":0},"end":{"line":1,"column":93}},"1":{"start":{"line":2,"column":0},"end":{"line":2,"column":46}},"2":{"start":{"line":5,"column":7},"end":{"line":20,"column":null}},"3":{"start":{"line":7,"column":4},"end":{"line":7,"column":26}},"4":{"start":{"line":11,"column":4},"end":{"line":11,"column":29}},"5":{"start":{"line":15,"column":4},"end":{"line":18,"column":7}},"6":{"start":{"line":16,"column":6},"end":{"line":16,"column":31}},"7":{"start":{"line":17,"column":6},"end":{"line":17,"column":24}},"8":{"start":{"line":5,"column":13},"end":{"line":5,"column":26}},"9":{"start":{"line":5,"column":13},"end":{"line":20,"column":null}}},"fnMap":{"0":{"name":"(anonymous_1)","decl":{"start":{"line":6,"column":2},"end":{"line":6,"column":7}},"loc":{"start":{"line":6,"column":20},"end":{"line":8,"column":3}}},"1":{"name":"(anonymous_2)","decl":{"start":{"line":10,"column":2},"end":{"line":10,"column":7}},"loc":{"start":{"line":10,"column":23},"end":{"line":12,"column":3}}},"2":{"name":"(anonymous_3)","decl":{"start":{"line":14,"column":2},"end":{"line":14,"column":7}},"loc":{"start":{"line":14,"column":49},"end":{"line":19,"column":3}}},"3":{"name":"(anonymous_4)","decl":{"start":{"line":15,"column":29},"end":{"line":15,"column":34}},"loc":{"start":{"line":15,"column":40},"end":{"line":18,"column":5}}}},"branchMap":{},"s":{"0":2,"1":2,"2":2,"3":0,"4":0,"5":0,"6":0,"7":0,"8":2,"9":2},"f":{"0":0,"1":0,"2":0,"3":0},"b":{}}
,"/Users/layn/VyzProjects/Sem5/NodeJS/NodeJSLabs/NodeJS_Sem5_Labs/backend/src/home/home.controller.ts": {"path":"/Users/layn/VyzProjects/Sem5/NodeJS/NodeJSLabs/NodeJS_Sem5_Labs/backend/src/home/home.controller.ts","statementMap":{"0":{"start":{"line":1,"column":0},"end":{"line":1,"column":49}},"1":{"start":{"line":4,"column":7},"end":{"line":13,"column":null}},"2":{"start":{"line":7,"column":4},"end":{"line":11,"column":6}},"3":{"start":{"line":4,"column":13},"end":{"line":4,"column":27}},"4":{"start":{"line":6,"column":2},"end":{"line":12,"column":null}},"5":{"start":{"line":4,"column":13},"end":{"line":13,"column":null}}},"fnMap":{"0":{"name":"(anonymous_2)","decl":{"start":{"line":6,"column":2},"end":{"line":6,"column":9}},"loc":{"start":{"line":6,"column":9},"end":{"line":12,"column":3}}}},"branchMap":{},"s":{"0":0,"1":0,"2":0,"3":0,"4":0,"5":0},"f":{"0":0},"b":{}}
,"/Users/layn/VyzProjects/Sem5/NodeJS/NodeJSLabs/NodeJS_Sem5_Labs/backend/src/home/home.module.ts": {"path":"/Users/layn/VyzProjects/Sem5/NodeJS/NodeJSLabs/NodeJS_Sem5_Labs/backend/src/home/home.module.ts","statementMap":{"0":{"start":{"line":1,"column":0},"end":{"line":1,"column":40}},"1":{"start":{"line":3,"column":0},"end":{"line":3,"column":51}},"2":{"start":{"line":8,"column":7},"end":{"line":8,"column":null}},"3":{"start":{"line":8,"column":13},"end":{"line":8,"column":23}},"4":{"start":{"line":8,"column":13},"end":{"line":8,"column":null}}},"fnMap":{},"branchMap":{},"s":{"0":0,"1":0,"2":0,"3":0,"4":0},"f":{},"b":{}}
,"/Users/layn/VyzProjects/Sem5/NodeJS/NodeJSLabs/NodeJS_Sem5_Labs/backend/src/users/users.controller.ts": {"path":"/Users/layn/VyzProjects/Sem5/NodeJS/NodeJSLabs/NodeJS_Sem5_Labs/backend/src/users/users.controller.ts","statementMap":{"0":{"start":{"line":1,"column":0},"end":{"line":1,"column":null}},"1":{"start":{"line":14,"column":0},"end":{"line":14,"column":78}},"2":{"start":{"line":16,"column":0},"end":{"line":16,"column":47}},"3":{"start":{"line":19,"column":7},"end":{"line":97,"column":null}},"4":{"start":{"line":20,"column":31},"end":{"line":20,"column":45}},"5":{"start":{"line":24,"column":4},"end":{"line":32,"column":5}},"6":{"start":{"line":25,"column":20},"end":{"line":25,"column":65}},"7":{"start":{"line":26,"column":6},"end":{"line":26,"column":23}},"8":{"start":{"line":28,"column":6},"end":{"line":31,"column":8}},"9":{"start":{"line":41,"column":4},"end":{"line":50,"column":5}},"10":{"start":{"line":42,"column":6},"end":{"line":42,"column":59}},"11":{"start":{"line":43,"column":20},"end":{"line":43,"column":65}},"12":{"start":{"line":44,"column":6},"end":{"line":44,"column":55}},"13":{"start":{"line":46,"column":6},"end":{"line":49,"column":8}},"14":{"start":{"line":59,"column":4},"end":{"line":66,"column":5}},"15":{"start":{"line":60,"column":6},"end":{"line":60,"column":62}},"16":{"start":{"line":62,"column":6},"end":{"line":65,"column":8}},"17":{"start":{"line":71,"column":4},"end":{"line":79,"column":5}},"18":{"start":{"line":72,"column":22},"end":{"line":72,"column":64}},"19":{"start":{"line":73,"column":6},"end":{"line":73,"column":25}},"20":{"start":{"line":75,"column":6},"end":{"line":78,"column":8}},"21":{"start":{"line":88,"column":4},"end":{"line":95,"column":5}},"22":{"start":{"line":89,"column":6},"end":{"line":89,"column":75}},"23":{"start":{"line":91,"column":6},"end":{"line":94,"column":8}},"24":{"start":{"line":19,"column":13},"end":{"line":19,"column":28}},"25":{"start":{"line":23,"column":8},"end":{"line":33,"column":null}},"26":{"start":{"line":37,"column":8},"end":{"line":51,"column":null}},"27":{"start":{"line":55,"column":8},"end":{"line":67,"column":null}},"28":{"start":{"line":70,"column":8},"end":{"line":80,"column":null}},"29":{"start":{"line":84,"column":8},"end":{"line":96,"column":null}},"30":{"start":{"line":19,"column":13},"end":{"line":97,"column":null}}},"fnMap":{"0":{"name":"(anonymous_4)","decl":{"start":{"line":20,"column":2},"end":{"line":20,"column":31}},"loc":{"start":{"line":20,"column":57},"end":{"line":20,"column":61}}},"1":{"name":"(anonymous_5)","decl":{"start":{"line":23,"column":8},"end":{"line":23,"column":21}},"loc":{"start":{"line":23,"column":53},"end":{"line":33,"column":3}}},"2":{"name":"(anonymous_6)","decl":{"start":{"line":37,"column":8},"end":{"line":37,"column":20}},"loc":{"start":{"line":39,"column":35},"end":{"line":51,"column":3}}},"3":{"name":"(anonymous_7)","decl":{"start":{"line":55,"column":8},"end":{"line":55,"column":23}},"loc":{"start":{"line":57,"column":35},"end":{"line":67,"column":3}}},"4":{"name":"(anonymous_8)","decl":{"start":{"line":70,"column":8},"end":{"line":70,"column":18}},"loc":{"start":{"line":70,"column":50},"end":{"line":80,"column":3}}},"5":{"name":"(anonymous_9)","decl":{"start":{"line":84,"column":8},"end":{"line":84,"column":20}},"loc":{"start":{"line":86,"column":44},"end":{"line":96,"column":3}}}},"branchMap":{"0":{"loc":{"start":{"line":29,"column":8},"end":{"line":29,"column":65}},"type":"cond-expr","locations":[{"start":{"line":29,"column":33},"end":{"line":29,"column":46}},{"start":{"line":29,"column":49},"end":{"line":29,"column":65}}]},"1":{"loc":{"start":{"line":47,"column":8},"end":{"line":47,"column":75}},"type":"cond-expr","locations":[{"start":{"line":47,"column":33},"end":{"line":47,"column":46}},{"start":{"line":47,"column":49},"end":{"line":47,"column":75}}]},"2":{"loc":{"start":{"line":63,"column":8},"end":{"line":63,"column":78}},"type":"cond-expr","locations":[{"start":{"line":63,"column":33},"end":{"line":63,"column":46}},{"start":{"line":63,"column":49},"end":{"line":63,"column":78}}]},"3":{"loc":{"start":{"line":76,"column":8},"end":{"line":76,"column":65}},"type":"cond-expr","locations":[{"start":{"line":76,"column":33},"end":{"line":76,"column":46}},{"start":{"line":76,"column":49},"end":{"line":76,"column":65}}]},"4":{"loc":{"start":{"line":92,"column":8},"end":{"line":92,"column":74}},"type":"cond-expr","locations":[{"start":{"line":92,"column":33},"end":{"line":92,"column":46}},{"start":{"line":92,"column":49},"end":{"line":92,"column":74}}]},"5":{"loc":{"start":{"line":23,"column":56},"end":{"line":23,"column":null}},"type":"cond-expr","locations":[{"start":{"line":23,"column":63},"end":{"line":23,"column":null}},{"start":{"line":23,"column":63},"end":{"line":23,"column":null}}]},"6":{"loc":{"start":{"line":23,"column":56},"end":{"line":23,"column":63}},"type":"binary-expr","locations":[{"start":{"line":23,"column":56},"end":{"line":23,"column":null}},{"start":{"line":23,"column":56},"end":{"line":23,"column":63}}]},"7":{"loc":{"start":{"line":40,"column":5},"end":{"line":40,"column":null}},"type":"cond-expr","locations":[{"start":{"line":40,"column":12},"end":{"line":40,"column":null}},{"start":{"line":40,"column":12},"end":{"line":40,"column":null}}]},"8":{"loc":{"start":{"line":40,"column":5},"end":{"line":40,"column":12}},"type":"binary-expr","locations":[{"start":{"line":40,"column":5},"end":{"line":40,"column":null}},{"start":{"line":40,"column":5},"end":{"line":40,"column":12}}]},"9":{"loc":{"start":{"line":58,"column":5},"end":{"line":58,"column":null}},"type":"cond-expr","locations":[{"start":{"line":58,"column":12},"end":{"line":58,"column":null}},{"start":{"line":58,"column":12},"end":{"line":58,"column":null}}]},"10":{"loc":{"start":{"line":58,"column":5},"end":{"line":58,"column":12}},"type":"binary-expr","locations":[{"start":{"line":58,"column":5},"end":{"line":58,"column":null}},{"start":{"line":58,"column":5},"end":{"line":58,"column":12}}]},"11":{"loc":{"start":{"line":70,"column":53},"end":{"line":70,"column":null}},"type":"cond-expr","locations":[{"start":{"line":70,"column":60},"end":{"line":70,"column":null}},{"start":{"line":70,"column":60},"end":{"line":70,"column":null}}]},"12":{"loc":{"start":{"line":70,"column":53},"end":{"line":70,"column":60}},"type":"binary-expr","locations":[{"start":{"line":70,"column":53},"end":{"line":70,"column":null}},{"start":{"line":70,"column":53},"end":{"line":70,"column":60}}]},"13":{"loc":{"start":{"line":86,"column":29},"end":{"line":86,"column":null}},"type":"cond-expr","locations":[{"start":{"line":86,"column":44},"end":{"line":86,"column":null}},{"start":{"line":86,"column":44},"end":{"line":86,"column":null}}]},"14":{"loc":{"start":{"line":86,"column":29},"end":{"line":86,"column":44}},"type":"binary-expr","locations":[{"start":{"line":86,"column":29},"end":{"line":86,"column":null}},{"start":{"line":86,"column":29},"end":{"line":86,"column":44}}]},"15":{"loc":{"start":{"line":87,"column":5},"end":{"line":87,"column":null}},"type":"cond-expr","locations":[{"start":{"line":87,"column":12},"end":{"line":87,"column":null}},{"start":{"line":87,"column":12},"end":{"line":87,"column":null}}]},"16":{"loc":{"start":{"line":87,"column":5},"end":{"line":87,"column":12}},"type":"binary-expr","locations":[{"start":{"line":87,"column":5},"end":{"line":87,"column":null}},{"start":{"line":87,"column":5},"end":{"line":87,"column":12}}]},"17":{"loc":{"start":{"line":20,"column":45},"end":{"line":20,"column":60}},"type":"cond-expr","locations":[{"start":{"line":20,"column":57},"end":{"line":20,"column":60}},{"start":{"line":20,"column":57},"end":{"line":20,"column":60}}]},"18":{"loc":{"start":{"line":20,"column":45},"end":{"line":20,"column":57}},"type":"binary-expr","locations":[{"start":{"line":20,"column":45},"end":{"line":20,"column":60}},{"start":{"line":20,"column":45},"end":{"line":20,"column":57}}]}},"s":{"0":0,"1":0,"2":0,"3":0,"4":0,"5":0,"6":0,"7":0,"8":0,"9":0,"10":0,"11":0,"12":0,"13":0,"14":0,"15":0,"16":0,"17":0,"18":0,"19":0,"20":0,"21":0,"22":0,"23":0,"24":0,"25":0,"26":0,"27":0,"28":0,"29":0,"30":0},"f":{"0":0,"1":0,"2":0,"3":0,"4":0,"5":0},"b":{"0":[0,0],"1":[0,0],"2":[0,0],"3":[0,0],"4":[0,0],"5":[0,0],"6":[0,0],"7":[0,0],"8":[0,0],"9":[0,0],"10":[0,0],"11":[0,0],"12":[0,0],"13":[0,0],"14":[0,0],"15":[0,0],"16":[0,0],"17":[0,0],"18":[0,0]}}
,"/Users/layn/VyzProjects/Sem5/NodeJS/NodeJSLabs/NodeJS_Sem5_Labs/backend/src/users/users.module.ts": {"path":"/Users/layn/VyzProjects/Sem5/NodeJS/NodeJSLabs/NodeJS_Sem5_Labs/backend/src/users/users.module.ts","statementMap":{"0":{"start":{"line":1,"column":0},"end":{"line":1,"column":52}},"1":{"start":{"line":3,"column":0},"end":{"line":3,"column":49}},"2":{"start":{"line":4,"column":0},"end":{"line":4,"column":53}},"3":{"start":{"line":5,"column":0},"end":{"line":5,"column":47}},"4":{"start":{"line":13,"column":7},"end":{"line":13,"column":null}},"5":{"start":{"line":13,"column":13},"end":{"line":13,"column":24}},"6":{"start":{"line":13,"column":13},"end":{"line":13,"column":null}},"7":{"start":{"line":8,"column":29},"end":{"line":8,"column":39}}},"fnMap":{"0":{"name":"(anonymous_1)","decl":{"start":{"line":8,"column":23},"end":{"line":8,"column":26}},"loc":{"start":{"line":8,"column":29},"end":{"line":8,"column":39}}}},"branchMap":{},"s":{"0":0,"1":0,"2":0,"3":0,"4":0,"5":0,"6":0,"7":0},"f":{"0":0},"b":{}}
,"/Users/layn/VyzProjects/Sem5/NodeJS/NodeJSLabs/NodeJS_Sem5_Labs/backend/src/users/users.service.ts": {"path":"/Users/layn/VyzProjects/Sem5/NodeJS/NodeJSLabs/NodeJS_Sem5_Labs/backend/src/users/users.service.ts","statementMap":{"0":{"start":{"line":1,"column":0},"end":{"line":1,"column":91}},"1":{"start":{"line":7,"column":0},"end":{"line":7,"column":66}},"2":{"start":{"line":9,"column":0},"end":{"line":9,"column":51}},"3":{"start":{"line":12,"column":7},"end":{"line":173,"column":null}},"4":{"start":{"line":15,"column":21},"end":{"line":15,"column":34}},"5":{"start":{"line":16,"column":21},"end":{"line":16,"column":29}},"6":{"start":{"line":20,"column":17},"end":{"line":20,"column":43}},"7":{"start":{"line":21,"column":4},"end":{"line":23,"column":5}},"8":{"start":{"line":22,"column":6},"end":{"line":22,"column":70}},"9":{"start":{"line":25,"column":18},"end":{"line":28,"column":6}},"10":{"start":{"line":30,"column":4},"end":{"line":39,"column":8}},"11":{"start":{"line":30,"column":29},"end":{"line":39,"column":6}},"12":{"start":{"line":43,"column":17},"end":{"line":43,"column":43}},"13":{"start":{"line":44,"column":4},"end":{"line":46,"column":5}},"14":{"start":{"line":45,"column":6},"end":{"line":45,"column":70}},"15":{"start":{"line":48,"column":17},"end":{"line":48,"column":77}},"16":{"start":{"line":49,"column":4},"end":{"line":51,"column":5}},"17":{"start":{"line":50,"column":6},"end":{"line":50,"column":70}},"18":{"start":{"line":53,"column":4},"end":{"line":57,"column":7}},"19":{"start":{"line":61,"column":17},"end":{"line":61,"column":43}},"20":{"start":{"line":62,"column":4},"end":{"line":64,"column":5}},"21":{"start":{"line":63,"column":6},"end":{"line":63,"column":70}},"22":{"start":{"line":66,"column":4},"end":{"line":68,"column":7}},"23":{"start":{"line":72,"column":17},"end":{"line":72,"column":43}},"24":{"start":{"line":73,"column":4},"end":{"line":75,"column":5}},"25":{"start":{"line":74,"column":6},"end":{"line":74,"column":70}},"26":{"start":{"line":77,"column":20},"end":{"line":81,"column":6}},"27":{"start":{"line":83,"column":4},"end":{"line":97,"column":8}},"28":{"start":{"line":83,"column":31},"end":{"line":97,"column":6}},"29":{"start":{"line":101,"column":17},"end":{"line":101,"column":77}},"30":{"start":{"line":102,"column":4},"end":{"line":104,"column":5}},"31":{"start":{"line":103,"column":6},"end":{"line":103,"column":70}},"32":{"start":{"line":106,"column":20},"end":{"line":109,"column":6}},"33":{"start":{"line":111,"column":4},"end":{"line":129,"column":6}},"34":{"start":{"line":113,"column":21},"end":{"line":113,"column":49}},"35":{"start":{"line":114,"column":8},"end":{"line":127,"column":10}},"36":{"start":{"line":133,"column":17},"end":{"line":133,"column":43}},"37":{"start":{"line":134,"column":4},"end":{"line":136,"column":5}},"38":{"start":{"line":135,"column":6},"end":{"line":135,"column":70}},"39":{"start":{"line":138,"column":17},"end":{"line":138,"column":93}},"40":{"start":{"line":139,"column":4},"end":{"line":141,"column":5}},"41":{"start":{"line":140,"column":6},"end":{"line":140,"column":70}},"42":{"start":{"line":143,"column":4},"end":{"line":145,"column":5}},"43":{"start":{"line":144,"column":6},"end":{"line":144,"column":88}},"44":{"start":{"line":147,"column":14},"end":{"line":154,"column":6}},"45":{"start":{"line":156,"column":4},"end":{"line":167,"column":6}},"46":{"start":{"line":171,"column":4},"end":{"line":171,"column":57}},"47":{"start":{"line":12,"column":13},"end":{"line":12,"column":25}},"48":{"start":{"line":12,"column":13},"end":{"line":173,"column":null}},"49":{"start":{"line":14,"column":29},"end":{"line":14,"column":40}}},"fnMap":{"0":{"name":"(anonymous_4)","decl":{"start":{"line":13,"column":2},"end":{"line":13,"column":null}},"loc":{"start":{"line":16,"column":42},"end":{"line":17,"column":7}}},"1":{"name":"(anonymous_5)","decl":{"start":{"line":19,"column":2},"end":{"line":19,"column":7}},"loc":{"start":{"line":19,"column":36},"end":{"line":40,"column":3}}},"2":{"name":"(anonymous_6)","decl":{"start":{"line":30,"column":21},"end":{"line":30,"column":22}},"loc":{"start":{"line":30,"column":29},"end":{"line":39,"column":6}}},"3":{"name":"(anonymous_7)","decl":{"start":{"line":42,"column":2},"end":{"line":42,"column":7}},"loc":{"start":{"line":42,"column":51},"end":{"line":58,"column":3}}},"4":{"name":"(anonymous_8)","decl":{"start":{"line":60,"column":2},"end":{"line":60,"column":7}},"loc":{"start":{"line":60,"column":54},"end":{"line":69,"column":3}}},"5":{"name":"(anonymous_9)","decl":{"start":{"line":71,"column":2},"end":{"line":71,"column":7}},"loc":{"start":{"line":71,"column":33},"end":{"line":98,"column":3}}},"6":{"name":"(anonymous_10)","decl":{"start":{"line":83,"column":23},"end":{"line":83,"column":24}},"loc":{"start":{"line":83,"column":31},"end":{"line":97,"column":6}}},"7":{"name":"(anonymous_11)","decl":{"start":{"line":100,"column":2},"end":{"line":100,"column":7}},"loc":{"start":{"line":100,"column":37},"end":{"line":130,"column":3}}},"8":{"name":"(anonymous_12)","decl":{"start":{"line":112,"column":18},"end":{"line":112,"column":23}},"loc":{"start":{"line":112,"column":30},"end":{"line":128,"column":7}}},"9":{"name":"(anonymous_13)","decl":{"start":{"line":132,"column":2},"end":{"line":132,"column":7}},"loc":{"start":{"line":132,"column":69},"end":{"line":168,"column":3}}},"10":{"name":"(anonymous_14)","decl":{"start":{"line":170,"column":10},"end":{"line":170,"column":15}},"loc":{"start":{"line":170,"column":38},"end":{"line":172,"column":3}}},"11":{"name":"(anonymous_15)","decl":{"start":{"line":14,"column":23},"end":{"line":14,"column":26}},"loc":{"start":{"line":14,"column":29},"end":{"line":14,"column":40}}}},"branchMap":{"0":{"loc":{"start":{"line":21,"column":4},"end":{"line":23,"column":5}},"type":"if","locations":[{"start":{"line":21,"column":4},"end":{"line":23,"column":5}},{"start":{},"end":{}}]},"1":{"loc":{"start":{"line":38,"column":12},"end":{"line":38,"column":36}},"type":"binary-expr","locations":[{"start":{"line":38,"column":12},"end":{"line":38,"column":23}},{"start":{"line":38,"column":27},"end":{"line":38,"column":36}}]},"2":{"loc":{"start":{"line":44,"column":4},"end":{"line":46,"column":5}},"type":"if","locations":[{"start":{"line":44,"column":4},"end":{"line":46,"column":5}},{"start":{},"end":{}}]},"3":{"loc":{"start":{"line":49,"column":4},"end":{"line":51,"column":5}},"type":"if","locations":[{"start":{"line":49,"column":4},"end":{"line":51,"column":5}},{"start":{},"end":{}}]},"4":{"loc":{"start":{"line":62,"column":4},"end":{"line":64,"column":5}},"type":"if","locations":[{"start":{"line":62,"column":4},"end":{"line":64,"column":5}},{"start":{},"end":{}}]},"5":{"loc":{"start":{"line":73,"column":4},"end":{"line":75,"column":5}},"type":"if","locations":[{"start":{"line":73,"column":4},"end":{"line":75,"column":5}},{"start":{},"end":{}}]},"6":{"loc":{"start":{"line":102,"column":4},"end":{"line":104,"column":5}},"type":"if","locations":[{"start":{"line":102,"column":4},"end":{"line":104,"column":5}},{"start":{},"end":{}}]},"7":{"loc":{"start":{"line":121,"column":16},"end":{"line":126,"column":23}},"type":"cond-expr","locations":[{"start":{"line":122,"column":14},"end":{"line":125,"column":null}},{"start":{"line":126,"column":14},"end":{"line":126,"column":23}}]},"8":{"loc":{"start":{"line":134,"column":4},"end":{"line":136,"column":5}},"type":"if","locations":[{"start":{"line":134,"column":4},"end":{"line":136,"column":5}},{"start":{},"end":{}}]},"9":{"loc":{"start":{"line":139,"column":4},"end":{"line":141,"column":5}},"type":"if","locations":[{"start":{"line":139,"column":4},"end":{"line":141,"column":5}},{"start":{},"end":{}}]},"10":{"loc":{"start":{"line":143,"column":4},"end":{"line":145,"column":5}},"type":"if","locations":[{"start":{"line":143,"column":4},"end":{"line":145,"column":5}},{"start":{},"end":{}}]},"11":{"loc":{"start":{"line":143,"column":8},"end":{"line":143,"column":64}},"type":"binary-expr","locations":[{"start":{"line":143,"column":8},"end":{"line":143,"column":34}},{"start":{"line":143,"column":38},"end":{"line":143,"column":64}}]},"12":{"loc":{"start":{"line":15,"column":34},"end":{"line":15,"column":null}},"type":"cond-expr","locations":[{"start":{"line":15,"column":45},"end":{"line":15,"column":null}},{"start":{"line":15,"column":45},"end":{"line":15,"column":null}}]},"13":{"loc":{"start":{"line":15,"column":34},"end":{"line":15,"column":45}},"type":"binary-expr","locations":[{"start":{"line":15,"column":34},"end":{"line":15,"column":null}},{"start":{"line":15,"column":34},"end":{"line":15,"column":45}}]},"14":{"loc":{"start":{"line":15,"column":45},"end":{"line":16,"column":null}},"type":"cond-expr","locations":[{"start":{"line":16,"column":42},"end":{"line":16,"column":null}},{"start":{"line":16,"column":42},"end":{"line":16,"column":null}}]},"15":{"loc":{"start":{"line":15,"column":45},"end":{"line":16,"column":42}},"type":"binary-expr","locations":[{"start":{"line":15,"column":45},"end":{"line":16,"column":null}},{"start":{"line":16,"column":29},"end":{"line":16,"column":42}}]}},"s":{"0":1,"1":1,"2":1,"3":1,"4":0,"5":0,"6":0,"7":0,"8":0,"9":0,"10":0,"11":0,"12":0,"13":0,"14":0,"15":0,"16":0,"17":0,"18":0,"19":0,"20":0,"21":0,"22":0,"23":0,"24":0,"25":0,"26":0,"27":0,"28":0,"29":0,"30":0,"31":0,"32":0,"33":0,"34":0,"35":0,"36":0,"37":0,"38":0,"39":0,"40":0,"41":0,"42":0,"43":0,"44":0,"45":0,"46":0,"47":1,"48":1,"49":0},"f":{"0":0,"1":0,"2":0,"3":0,"4":0,"5":0,"6":0,"7":0,"8":0,"9":0,"10":0,"11":0},"b":{"0":[0,0],"1":[0,0],"2":[0,0],"3":[0,0],"4":[0,0],"5":[0,0],"6":[0,0],"7":[0,0],"8":[0,0],"9":[0,0],"10":[0,0],"11":[0,0],"12":[1,0],"13":[1,1],"14":[1,0],"15":[1,1]}}
}
